<?xml version="1.0" encoding="UTF-8"?>
<coverage generated="1545277603933" clover="3.2.0">
  <project timestamp="1545277603934" name="All files">
    <metrics statements="27" coveredstatements="25" conditionals="8" coveredconditionals="6" methods="7" coveredmethods="7" elements="42" coveredelements="38" complexity="0" loc="27" ncloc="27" packages="1" files="1" classes="1">
      <file name="reader-fixed.js" path="/mnt/c/Users/niess/codefellows/401/03-async/lib/reader-fixed.js">
        <metrics statements="27" coveredstatements="25" conditionals="8" coveredconditionals="6" methods="7" coveredmethods="7"/>
        <line num="3" count="1" type="stmt"/>
        <line num="4" count="1" type="stmt"/>
        <line num="9" count="1" type="stmt"/>
        <line num="10" count="2" type="stmt"/>
        <line num="11" count="2" type="stmt"/>
        <line num="19" count="1" type="stmt"/>
        <line num="20" count="4" type="stmt"/>
        <line num="21" count="4" type="cond" truecount="2" falsecount="0"/>
        <line num="22" count="3" type="stmt"/>
        <line num="31" count="1" type="stmt"/>
        <line num="33" count="2" type="stmt"/>
        <line num="34" count="2" type="stmt"/>
        <line num="35" count="2" type="cond" truecount="2" falsecount="0"/>
        <line num="36" count="1" type="stmt"/>
        <line num="39" count="1" type="stmt"/>
        <line num="40" count="1" type="stmt"/>
        <line num="42" count="1" type="stmt"/>
        <line num="43" count="1" type="cond" truecount="1" falsecount="1"/>
        <line num="44" count="0" type="stmt"/>
        <line num="47" count="1" type="stmt"/>
        <line num="48" count="1" type="stmt"/>
        <line num="50" count="1" type="stmt"/>
        <line num="51" count="1" type="cond" truecount="1" falsecount="1"/>
        <line num="52" count="0" type="stmt"/>
        <line num="55" count="1" type="stmt"/>
        <line num="56" count="1" type="stmt"/>
        <line num="64" count="2" type="stmt"/>
      </file>
    </metrics>
  </project>
</coverage>
